****************************
Server Performance Stats
****************************
CPU usage:
CPU Load: 1.6%

****************************
 Total memory usage:
Used: 5.0Gi / Total: 30Gi (16.67%)

****************************
 Total memory usage:
Used: 5.0Gi / Total: 30Gi (16.67%)

****************************
Top 5 processes by CPU usage:
    PID    PPID CMD                         %MEM %CPU
   4327    3037 /snap/firefox/6966/usr/lib/  2.4  6.6
  12949    3037 /snap/snap-store/1300/bin/s  2.6  6.2
   3037    2740 /usr/bin/gnome-shell         1.5  3.8
   5386    4634 /snap/firefox/6966/usr/lib/  2.3  3.1
   5738    4634 /snap/firefox/6966/usr/lib/  1.3  1.9

****************************
Top 5 processes by memory usage:
    PID    PPID CMD                         %MEM %CPU
  12949    3037 /snap/snap-store/1300/bin/s  2.6  6.2
   4327    3037 /snap/firefox/6966/usr/lib/  2.4  6.6
   5386    4634 /snap/firefox/6966/usr/lib/  2.3  3.1
   3037    2740 /usr/bin/gnome-shell         1.5  3.8
   5738    4634 /snap/firefox/6966/usr/lib/  1.3  1.9

****************************

OS version: PRETTY_NAME="Ubuntu 24.04.3 LTS"
NAME="Ubuntu"
VERSION_ID="24.04"
VERSION="24.04.3 LTS (Noble Numbat)"
VERSION_CODENAME=noble
ID=ubuntu
ID_LIKE=debian
HOME_URL="https://www.ubuntu.com/"
SUPPORT_URL="https://help.ubuntu.com/"
BUG_REPORT_URL="https://bugs.launchpad.net/ubuntu/"
PRIVACY_POLICY_URL="https://www.ubuntu.com/legal/terms-and-policies/privacy-policy"
UBUNTU_CODENAME=noble
LOGO=ubuntu-logo

Uptime: up 2 hours, 17 minutes

Logged in users:  23:05:42 up  2:17,  1 user,  load average: 0.26, 0.31, 0.27
USER     TTY      FROM             LOGIN@   IDLE   JCPU   PCPU  WHAT
livyatta tty2     -                20:51     ?     0.02s  0.02s /usr/libexec/gnome-session-binary --session=ubuntu

****************************
